0 info it worked if it ends with ok
1 verbose cli [ 'D:\\laragon\\bin\\nodejs\\node-v6.11.3-x64\\node.exe',
1 verbose cli   'D:\\laragon\\bin\\nodejs\\node-v6.11.3-x64\\node_modules\\npm\\bin\\npm-cli.js',
1 verbose cli   'run',
1 verbose cli   'install' ]
2 info using npm@3.10.10
3 info using node@v6.11.3
4 verbose stack Error: ENOENT: no such file or directory, open 'D:\DAE\Projecto\daeProject\package.json'
4 verbose stack     at Error (native)
5 verbose cwd D:\DAE\Projecto\daeProject
6 error Windows_NT 10.0.16299
7 error argv "D:\\laragon\\bin\\nodejs\\node-v6.11.3-x64\\node.exe" "D:\\laragon\\bin\\nodejs\\node-v6.11.3-x64\\node_modules\\npm\\bin\\npm-cli.js" "run" "install"
8 error node v6.11.3
9 error npm  v3.10.10
10 error path D:\DAE\Projecto\daeProject\package.json
11 error code ENOENT
12 error errno -4058
13 error syscall open
14 error enoent ENOENT: no such file or directory, open 'D:\DAE\Projecto\daeProject\package.json'
15 error enoent ENOENT: no such file or directory, open 'D:\DAE\Projecto\daeProject\package.json'
15 error enoent This is most likely not a problem with npm itself
15 error enoent and is related to npm not being able to find a file.
16 verbose exit [ -4058, true ]
